TN:
SF:src\js\engine\cluster.ts
FN:16,inBounds
FN:20,findClusters
FNF:2
FNH:2
FNDA:36,inBounds
FNDA:1,findClusters
DA:9,1
DA:10,1
DA:11,1
DA:12,1
DA:13,1
DA:14,1
DA:16,36
DA:17,36
DA:18,36
DA:20,1
DA:21,1
DA:22,1
DA:23,1
DA:25,1
DA:26,3
DA:27,9
DA:28,2
DA:29,9
DA:30,0
DA:31,0
DA:32,0
DA:33,2
DA:34,2
DA:35,2
DA:36,2
DA:37,2
DA:39,9
DA:40,9
DA:41,9
DA:42,9
DA:43,36
DA:44,36
DA:45,10
DA:46,36
DA:47,7
DA:48,7
DA:49,7
DA:50,36
DA:51,9
DA:53,9
DA:54,1
DA:55,1
DA:56,9
DA:57,3
DA:59,1
DA:60,1
LF:46
LH:43
BRDA:16,0,0,36
BRDA:17,1,0,33
BRDA:17,2,0,30
BRDA:17,3,0,27
BRDA:20,4,0,1
BRDA:25,5,0,3
BRDA:26,6,0,9
BRDA:27,7,0,7
BRDA:27,8,0,2
BRDA:29,9,0,0
BRDA:32,10,0,2
BRDA:42,11,0,36
BRDA:44,12,0,24
BRDA:44,13,0,26
BRDA:44,14,0,10
BRDA:46,15,0,7
BRDA:51,16,0,2
BRDA:53,17,0,1
BRDA:22,18,0,3
BRF:19
BRH:18
end_of_record
TN:
SF:src\js\engine\constants.ts
FNF:0
FNH:0
DA:7,1
DA:8,1
DA:9,1
DA:10,1
DA:13,1
DA:14,1
DA:17,1
DA:18,1
DA:21,1
DA:22,1
DA:23,1
DA:26,1
DA:27,1
DA:28,1
DA:29,1
DA:32,1
DA:33,1
DA:34,1
DA:37,1
DA:38,1
DA:39,1
DA:40,1
DA:41,1
DA:42,1
DA:43,1
DA:44,1
DA:45,1
DA:46,1
DA:47,1
DA:48,1
DA:51,1
DA:52,1
DA:53,1
DA:56,1
DA:57,1
DA:58,1
DA:61,1
DA:62,1
DA:63,1
DA:64,1
DA:65,1
DA:66,1
DA:69,1
DA:70,1
DA:71,1
DA:72,1
DA:73,1
DA:74,1
DA:77,1
DA:78,1
DA:79,1
DA:80,1
DA:81,1
DA:82,1
DA:83,1
DA:86,1
DA:87,1
DA:88,1
DA:89,1
DA:90,1
DA:91,1
DA:92,1
DA:95,1
DA:96,1
DA:97,1
DA:98,1
DA:99,1
DA:100,1
DA:101,1
DA:102,1
DA:103,1
DA:106,1
DA:107,1
LF:73
LH:73
BRF:0
BRH:0
end_of_record
TN:
SF:src\js\engine\engine.ts
FN:12,makeSpinConfig
FN:23,computeClusterBaseWinX
FN:39,spin
FN:51,rand
FN:69,pickWeighted
FNF:5
FNH:4
FNDA:2,makeSpinConfig
FNDA:0,computeClusterBaseWinX
FNDA:3013,spin
FNDA:10778,rand
FNDA:5069,pickWeighted
DA:12,1
DA:13,2
DA:14,2
DA:15,2
DA:16,2
DA:17,2
DA:18,2
DA:19,2
DA:20,2
DA:21,2
DA:23,0
DA:25,0
DA:26,0
DA:27,0
DA:28,0
DA:29,0
DA:30,0
DA:31,0
DA:32,0
DA:33,0
DA:34,0
DA:35,0
DA:36,0
DA:37,0
DA:39,1
DA:40,3013
DA:41,3013
DA:42,3013
DA:43,3013
DA:44,3013
DA:45,3013
DA:48,3013
DA:51,3013
DA:52,10778
DA:53,10778
DA:54,10778
DA:57,3013
DA:58,3013
DA:59,3006
DA:61,3013
DA:62,3013
DA:65,3013
DA:66,3013
DA:69,3013
DA:70,5069
DA:71,5069
DA:72,5069
DA:73,0
DA:74,5069
DA:77,3013
DA:78,21079
DA:79,3013
DA:82,3013
DA:83,3013
DA:84,1028
DA:85,1028
DA:86,1028
DA:87,1028
DA:88,1028
DA:91,1028
DA:93,1028
DA:94,1028
DA:95,1028
DA:96,1028
DA:98,1028
DA:99,1028
DA:103,3013
DA:104,3013
DA:105,3013
DA:106,3013
DA:107,3013
DA:109,3013
DA:110,3013
DA:111,3013
DA:112,3013
DA:115,3013
DA:116,186
DA:117,186
DA:118,320
DA:119,320
DA:121,320
DA:122,320
DA:123,186
DA:124,186
DA:125,186
DA:127,3013
DA:129,3013
DA:130,3013
DA:131,3013
DA:132,3013
DA:133,3013
DA:134,3013
DA:135,3013
LF:93
LH:78
BRDA:12,0,0,2
BRDA:13,1,0,1
BRDA:13,2,0,1
BRDA:14,3,0,1
BRDA:14,4,0,1
BRDA:18,5,0,1
BRDA:19,6,0,1
BRDA:19,7,0,1
BRDA:39,8,0,3013
BRDA:44,9,0,0
BRDA:45,10,0,0
BRDA:48,11,0,0
BRDA:58,12,0,3006
BRDA:65,13,0,0
BRDA:66,14,0,0
BRDA:83,15,0,1028
BRDA:91,16,0,3432
BRDA:107,17,0,4
BRDA:115,18,0,186
BRDA:117,19,0,320
BRDA:123,20,0,320
BRDA:51,21,0,10778
BRDA:59,22,0,21034
BRDA:59,23,0,147212
BRDA:69,24,0,5069
BRDA:72,25,0,6095
BRDA:72,26,0,5069
BRDA:72,27,0,0
BRDA:70,28,0,30272
BRDA:77,29,0,21079
BRDA:78,30,0,147521
BRDA:88,31,0,3432
BRDA:94,32,0,3432
BRDA:94,33,0,0
BRDA:121,34,0,208
BRDA:121,35,0,25
BRF:36
BRH:29
end_of_record
TN:
SF:src\js\engine\evolution.ts
FN:3,neighbors
FN:12,diagonalNeighbors
FN:21,inBounds
FN:25,eggAdjacentToWin
FN:112,extractSpeciesFromId
FN:121,performEvolution
FN:201,performMorphing
FNF:7
FNH:7
FNDA:2,neighbors
FNDA:1,diagonalNeighbors
FNDA:8,inBounds
FNDA:1,eggAdjacentToWin
FNDA:6,extractSpeciesFromId
FNDA:1,performEvolution
FNDA:7,performMorphing
DA:3,2
DA:4,2
DA:5,2
DA:6,2
DA:7,2
DA:8,2
DA:9,2
DA:10,2
DA:12,1
DA:13,1
DA:14,1
DA:15,1
DA:16,1
DA:17,1
DA:18,1
DA:19,1
DA:21,8
DA:22,8
DA:23,8
DA:25,1
DA:26,1
DA:27,1
DA:28,1
DA:29,1
DA:30,4
DA:31,4
DA:32,0
DA:33,0
DA:34,0
DA:35,0
DA:53,1
DA:54,1
DA:55,1
DA:56,1
DA:57,1
DA:58,1
DA:59,1
DA:60,1
DA:61,1
DA:62,1
DA:63,1
DA:64,1
DA:65,1
DA:66,1
DA:67,1
DA:68,1
DA:69,1
DA:70,1
DA:71,1
DA:72,1
DA:73,1
DA:74,1
DA:75,1
DA:76,1
DA:77,1
DA:78,1
DA:79,1
DA:80,1
DA:81,1
DA:82,1
DA:83,1
DA:84,1
DA:85,1
DA:86,1
DA:87,1
DA:88,1
DA:89,1
DA:90,1
DA:91,1
DA:92,1
DA:93,1
DA:94,1
DA:95,1
DA:96,1
DA:97,1
DA:98,1
DA:99,1
DA:100,1
DA:101,1
DA:102,1
DA:103,1
DA:104,1
DA:105,1
DA:106,1
DA:107,1
DA:108,1
DA:109,1
DA:110,1
DA:112,6
DA:114,6
DA:115,6
DA:116,6
DA:121,1
DA:122,1
DA:123,1
DA:126,1
DA:127,2
DA:128,4
DA:129,4
DA:131,4
DA:132,4
DA:134,4
DA:135,4
DA:136,4
DA:137,2
DA:139,1
DA:146,1
DA:149,1
DA:150,1
DA:151,1
DA:153,1
DA:154,0
DA:155,0
DA:157,1
DA:160,1
DA:161,1
DA:162,1
DA:165,1
DA:166,1
DA:167,1
DA:169,1
DA:170,1
DA:172,1
DA:173,1
DA:174,1
DA:175,1
DA:176,1
DA:177,1
DA:178,1
DA:179,1
DA:182,1
DA:183,3
DA:184,3
DA:185,3
DA:186,3
DA:187,3
DA:188,3
DA:189,1
DA:190,1
DA:192,1
DA:193,1
DA:194,1
DA:195,1
DA:196,1
DA:201,1
DA:209,7
DA:210,7
DA:215,7
DA:217,7
DA:218,7
DA:220,7
DA:221,43
DA:222,296
DA:223,296
DA:225,1
DA:226,1
DA:227,1
DA:230,296
DA:231,4
DA:232,1
DA:234,1
DA:235,1
DA:236,1
DA:237,1
DA:238,1
DA:239,1
DA:240,1
DA:241,4
DA:243,0
DA:244,0
DA:245,0
DA:246,0
DA:247,0
DA:248,4
DA:251,296
DA:252,0
DA:253,0
DA:254,0
DA:255,0
DA:257,1
DA:258,1
DA:259,1
DA:260,1
DA:261,1
DA:262,1
DA:263,1
DA:266,1
DA:267,1
DA:268,1
DA:269,1
DA:270,1
DA:271,1
DA:272,296
DA:273,43
DA:275,7
DA:276,7
DA:277,7
DA:278,7
DA:279,7
LF:199
LH:184
BRDA:3,0,0,2
BRDA:12,1,0,1
BRDA:21,2,0,8
BRDA:22,3,0,6
BRDA:22,4,0,4
BRDA:22,5,0,3
BRDA:25,6,0,1
BRDA:28,7,0,0
BRDA:29,8,0,4
BRDA:30,9,0,2
BRDA:30,10,0,1
BRDA:31,11,0,0
BRDA:112,12,0,6
BRDA:115,13,0,0
BRDA:121,14,0,1
BRDA:126,15,0,2
BRDA:127,16,0,4
BRDA:129,17,0,0
BRDA:134,18,0,1
BRDA:153,19,0,0
BRDA:166,20,0,0
BRDA:170,21,0,0
BRDA:182,22,0,3
BRDA:169,23,0,3
BRDA:201,24,0,7
BRDA:220,25,0,43
BRDA:221,26,0,296
BRDA:223,27,0,2
BRDA:223,28,0,295
BRDA:223,29,0,1
BRDA:230,30,0,2
BRDA:230,31,0,4
BRDA:231,32,0,3
BRDA:231,33,0,1
BRDA:241,34,0,0
BRDA:248,35,0,1
BRDA:251,36,0,0
BRDA:251,37,0,2
BRDA:251,38,0,0
BRDA:255,39,0,1
BRF:40
BRH:30
end_of_record
TN:
SF:src\js\engine\grid.ts
FN:6,cumulative
FN:16,pickBucket
FN:27,getCum
FN:36,makeStandardId
FN:42,generateCell
FN:58,generateGrid
FN:70,cloneGrid
FNF:7
FNH:6
FNDA:1,cumulative
FNDA:32,pickBucket
FNDA:32,getCum
FNDA:32,makeStandardId
FNDA:32,generateCell
FNDA:1,generateGrid
FNDA:0,cloneGrid
DA:4,1
DA:6,1
DA:7,1
DA:8,1
DA:9,1
DA:10,1
DA:11,2
DA:12,2
DA:13,1
DA:14,1
DA:16,32
DA:17,32
DA:18,32
DA:19,33
DA:20,33
DA:21,0
DA:22,0
DA:24,1
DA:25,1
DA:27,32
DA:28,32
DA:29,32
DA:30,1
DA:31,1
DA:32,1
DA:33,32
DA:34,32
DA:36,32
DA:38,32
DA:39,32
DA:40,32
DA:42,1
DA:43,32
DA:44,32
DA:45,32
DA:46,32
DA:47,32
DA:48,32
DA:49,0
DA:50,0
DA:51,0
DA:52,0
DA:53,0
DA:55,0
DA:56,0
DA:58,1
DA:59,1
DA:60,1
DA:61,3
DA:62,3
DA:63,12
DA:64,12
DA:65,3
DA:66,3
DA:67,1
DA:68,1
DA:70,1
DA:71,0
DA:72,0
LF:59
LH:48
BRDA:6,0,0,1
BRDA:7,1,0,2
BRDA:8,2,0,2
BRDA:10,3,0,2
BRDA:16,4,0,32
BRDA:18,5,0,33
BRDA:19,6,0,32
BRDA:20,7,0,0
BRDA:27,8,0,32
BRDA:29,9,0,1
BRDA:36,10,0,32
BRDA:42,11,0,32
BRDA:48,12,0,0
BRDA:58,13,0,1
BRDA:60,14,0,3
BRDA:62,15,0,12
BRF:16
BRH:14
end_of_record
TN:
SF:src\js\engine\multipliers.ts
FN:3,makeMultiplierMap
FN:7,bumpMultipliers
FN:17,productUnderCluster
FNF:3
FNH:3
FNDA:2,makeMultiplierMap
FNDA:1,bumpMultipliers
FNDA:1,productUnderCluster
DA:3,1
DA:4,2
DA:5,2
DA:7,1
DA:8,1
DA:9,1
DA:10,3
DA:11,3
DA:12,3
DA:13,3
DA:14,1
DA:15,1
DA:17,1
DA:18,1
DA:19,1
LF:15
LH:15
BRDA:3,0,0,2
BRDA:4,1,0,4
BRDA:7,2,0,1
BRDA:9,3,0,3
BRDA:17,4,0,1
BRDA:18,5,0,3
BRF:6
BRH:6
end_of_record
TN:
SF:src\js\engine\rng.ts
FN:3,mulberry32
FN:13,hashSeed
FN:25,splitRng
FNF:3
FNH:3
FNDA:7,mulberry32
FNDA:5,hashSeed
FNDA:2,splitRng
DA:3,1
DA:4,7
DA:5,7
DA:6,80
DA:7,80
DA:8,80
DA:9,80
DA:10,80
DA:11,7
DA:13,1
DA:14,5
DA:15,5
DA:16,13
DA:17,13
DA:18,34
DA:19,34
DA:20,34
DA:21,13
DA:22,5
DA:23,5
DA:25,1
DA:26,2
DA:27,2
LF:23
LH:23
BRDA:3,0,0,7
BRDA:5,1,0,80
BRDA:13,2,0,5
BRDA:15,3,0,13
BRDA:17,4,0,34
BRDA:25,5,0,2
BRF:6
BRH:6
end_of_record
TN:
SF:src\js\engine\rtpOptimizer.ts
FN:45,<instance_members_initializer>
FN:50,RTOOptimizer
FN:59,optimizePaytables
FN:87,generateBasePaytables
FN:163,iterativeOptimization
FN:195,adjustPaytables
FN:230,runQuickSimulation
FN:270,runComprehensiveSimulation
FN:274,simulateSingleSpin
FN:357,calculateFeatureContributions
FN:372,calculateVariance
FN:384,classifyVolatility
FN:393,calculateHitFrequency
FN:403,generateBalancedPaytables
FN:412,validateRTPCompliance
FN:441,generateMarketSpecificPaytables
FNF:16
FNH:6
FNDA:3,<instance_members_initializer>
FNDA:3,RTOOptimizer
FNDA:0,optimizePaytables
FNDA:0,generateBasePaytables
FNDA:0,iterativeOptimization
FNDA:1,adjustPaytables
FNDA:0,runQuickSimulation
FNDA:0,runComprehensiveSimulation
FNDA:0,simulateSingleSpin
FNDA:0,calculateFeatureContributions
FNDA:4,calculateVariance
FNDA:4,classifyVolatility
FNDA:2,calculateHitFrequency
FNDA:0,generateBalancedPaytables
FNDA:0,validateRTPCompliance
FNDA:0,generateMarketSpecificPaytables
DA:45,1
DA:46,3
DA:47,3
DA:48,3
DA:50,3
DA:51,3
DA:52,3
DA:53,3
DA:54,3
DA:59,3
DA:60,0
DA:63,0
DA:66,0
DA:69,0
DA:72,0
DA:74,0
DA:75,0
DA:76,0
DA:77,0
DA:78,0
DA:79,0
DA:80,0
DA:81,0
DA:82,0
DA:83,0
DA:84,0
DA:85,0
DA:87,3
DA:88,0
DA:89,0
DA:90,0
DA:91,0
DA:92,0
DA:93,0
DA:95,0
DA:97,0
DA:98,0
DA:100,0
DA:101,0
DA:102,0
DA:103,0
DA:104,0
DA:105,0
DA:106,0
DA:108,0
DA:109,0
DA:110,0
DA:111,0
DA:112,0
DA:113,0
DA:114,0
DA:116,0
DA:117,0
DA:118,0
DA:119,0
DA:120,0
DA:121,0
DA:122,0
DA:124,0
DA:125,0
DA:126,0
DA:127,0
DA:128,0
DA:129,0
DA:130,0
DA:131,0
DA:132,0
DA:133,0
DA:134,0
DA:135,0
DA:136,0
DA:137,0
DA:138,0
DA:139,0
DA:140,0
DA:141,0
DA:142,0
DA:143,0
DA:144,0
DA:145,0
DA:146,0
DA:147,0
DA:148,0
DA:149,0
DA:150,0
DA:151,0
DA:152,0
DA:153,0
DA:154,0
DA:155,0
DA:156,0
DA:157,0
DA:158,0
DA:159,0
DA:160,0
DA:161,0
DA:163,3
DA:164,0
DA:165,0
DA:166,0
DA:167,0
DA:169,0
DA:171,0
DA:172,0
DA:173,0
DA:175,0
DA:176,0
DA:177,0
DA:180,0
DA:182,0
DA:183,0
DA:185,0
DA:186,0
DA:188,0
DA:189,0
DA:190,0
DA:192,0
DA:193,0
DA:195,3
DA:196,1
DA:197,1
DA:198,1
DA:199,1
DA:200,1
DA:201,1
DA:202,1
DA:205,1
DA:206,1
DA:207,1
DA:208,2
DA:209,2
DA:210,1
DA:213,1
DA:214,1
DA:215,1
DA:218,1
DA:219,1
DA:220,1
DA:223,1
DA:224,1
DA:225,1
DA:227,1
DA:228,1
DA:230,3
DA:231,0
DA:232,0
DA:233,0
DA:234,0
DA:235,0
DA:236,0
DA:237,0
DA:238,0
DA:239,0
DA:240,0
DA:242,0
DA:243,0
DA:244,0
DA:246,0
DA:247,0
DA:248,0
DA:251,0
DA:252,0
DA:253,0
DA:254,0
DA:256,0
DA:257,0
DA:258,0
DA:259,0
DA:260,0
DA:261,0
DA:262,0
DA:263,0
DA:264,0
DA:265,0
DA:266,0
DA:267,0
DA:268,0
DA:270,3
DA:271,0
DA:272,0
DA:274,3
DA:277,0
DA:278,0
DA:279,0
DA:280,0
DA:281,0
DA:282,0
DA:283,0
DA:284,0
DA:285,0
DA:286,0
DA:289,0
DA:292,0
DA:293,0
DA:294,0
DA:295,0
DA:296,0
DA:297,0
DA:299,0
DA:301,0
DA:303,0
DA:306,0
DA:307,0
DA:308,0
DA:309,0
DA:311,0
DA:312,0
DA:313,0
DA:314,0
DA:315,0
DA:316,0
DA:318,0
DA:319,0
DA:322,0
DA:323,0
DA:324,0
DA:325,0
DA:326,0
DA:327,0
DA:330,0
DA:331,0
DA:332,0
DA:333,0
DA:334,0
DA:335,0
DA:338,0
DA:339,0
DA:340,0
DA:341,0
DA:342,0
DA:343,0
DA:344,0
DA:347,0
DA:348,0
DA:349,0
DA:350,0
DA:351,0
DA:352,0
DA:354,0
DA:355,0
DA:357,3
DA:359,0
DA:361,0
DA:362,0
DA:363,0
DA:364,0
DA:365,0
DA:366,0
DA:367,0
DA:368,0
DA:369,0
DA:370,0
DA:372,3
DA:374,4
DA:375,4
DA:377,4
DA:378,4
DA:379,4
DA:380,4
DA:381,1
DA:382,4
DA:384,3
DA:385,4
DA:387,4
DA:388,4
DA:389,4
DA:390,1
DA:391,4
DA:393,3
DA:395,2
DA:396,2
DA:397,2
DA:398,2
DA:403,3
DA:404,0
DA:405,0
DA:406,0
DA:407,0
DA:412,3
DA:416,0
DA:417,0
DA:418,0
DA:419,0
DA:421,0
DA:422,0
DA:424,0
DA:425,0
DA:426,0
DA:427,0
DA:428,0
DA:429,0
DA:431,0
DA:432,0
DA:433,0
DA:434,0
DA:435,0
DA:436,0
DA:441,3
DA:442,0
DA:444,0
DA:447,0
DA:450,0
DA:453,0
DA:454,0
DA:455,0
DA:456,3
LF:306
LH:66
BRDA:45,0,0,3
BRDA:50,1,0,3
BRDA:195,2,0,1
BRDA:207,3,0,2
BRDA:372,4,0,4
BRDA:377,5,0,1
BRDA:377,6,0,3
BRDA:378,7,0,1
BRDA:378,8,0,2
BRDA:379,9,0,1
BRDA:380,10,0,0
BRDA:380,11,0,1
BRDA:384,12,0,4
BRDA:387,13,0,1
BRDA:387,14,0,3
BRDA:388,15,0,1
BRDA:388,16,0,2
BRDA:389,17,0,1
BRDA:393,18,0,2
BRDA:395,19,0,0
BRDA:396,20,0,0
BRF:21
BRH:18
end_of_record
TN:
SF:src\js\engine\tumble.ts
FN:35,applyTumble
FN:111,makeRemoveMask
FN:118,performCascadeSequence
FN:191,applyWinningPositionMultipliers
FNF:4
FNH:2
FNDA:1,applyTumble
FNDA:1,makeRemoveMask
FNDA:0,performCascadeSequence
FNDA:0,applyWinningPositionMultipliers
DA:26,1
DA:27,1
DA:28,1
DA:29,1
DA:30,1
DA:31,1
DA:32,1
DA:33,1
DA:35,1
DA:36,1
DA:37,1
DA:38,1
DA:39,1
DA:40,1
DA:41,1
DA:42,1
DA:43,1
DA:44,1
DA:45,1
DA:46,1
DA:47,1
DA:52,1
DA:55,1
DA:56,2
DA:57,2
DA:58,4
DA:59,4
DA:62,2
DA:63,4
DA:64,2
DA:65,2
DA:66,2
DA:67,2
DA:70,2
DA:71,2
DA:72,2
DA:75,2
DA:76,2
DA:77,2
DA:80,2
DA:81,2
DA:82,2
DA:85,2
DA:86,2
DA:87,2
DA:89,2
DA:90,2
DA:91,2
DA:92,2
DA:93,2
DA:94,2
DA:95,2
DA:96,2
DA:97,2
DA:98,2
DA:99,2
DA:100,4
DA:101,2
DA:103,1
DA:104,1
DA:105,1
DA:106,1
DA:107,1
DA:108,1
DA:109,1
DA:111,1
DA:112,1
DA:113,1
DA:118,1
DA:119,0
DA:120,0
DA:121,0
DA:122,0
DA:123,0
DA:124,0
DA:134,0
DA:135,0
DA:136,0
DA:137,0
DA:141,0
DA:143,0
DA:145,0
DA:146,0
DA:149,0
DA:150,0
DA:152,0
DA:153,0
DA:154,0
DA:155,0
DA:156,0
DA:157,0
DA:160,0
DA:161,0
DA:162,0
DA:163,0
DA:164,0
DA:165,0
DA:166,0
DA:167,0
DA:168,0
DA:170,0
DA:171,0
DA:172,0
DA:173,0
DA:174,0
DA:176,0
DA:177,0
DA:178,0
DA:180,0
DA:181,0
DA:182,0
DA:183,0
DA:184,0
DA:185,0
DA:186,0
DA:191,1
DA:192,0
DA:193,0
DA:194,0
DA:195,0
DA:196,0
DA:197,0
DA:199,0
DA:200,0
DA:201,0
DA:204,0
DA:205,0
DA:206,0
DA:207,0
DA:208,0
DA:209,0
DA:210,0
DA:211,0
DA:212,0
DA:215,0
DA:217,0
DA:218,0
DA:219,0
DA:220,0
DA:221,0
DA:223,0
DA:224,0
LF:142
LH:70
BRDA:35,0,0,1
BRDA:55,1,0,2
BRDA:57,2,0,4
BRDA:58,3,0,2
BRDA:62,4,0,4
BRDA:63,5,0,2
BRDA:95,6,0,0
BRDA:45,7,0,2
BRDA:111,8,0,1
BRDA:112,9,0,2
BRF:10
BRH:9
end_of_record
TN:
SF:src\js\engine\types.ts
FN:1,(empty-report)
FNF:1
FNH:0
FNDA:0,(empty-report)
DA:1,0
DA:2,0
DA:3,0
DA:4,0
DA:5,0
DA:6,0
DA:7,0
DA:8,0
DA:9,0
DA:10,0
DA:11,0
DA:12,0
DA:13,0
DA:14,0
DA:15,0
DA:16,0
DA:17,0
DA:18,0
DA:19,0
DA:20,0
DA:21,0
DA:22,0
DA:23,0
DA:24,0
DA:25,0
DA:26,0
DA:27,0
DA:28,0
DA:29,0
DA:30,0
DA:31,0
DA:32,0
DA:33,0
DA:34,0
DA:35,0
DA:36,0
DA:37,0
DA:38,0
DA:39,0
DA:40,0
DA:41,0
DA:42,0
DA:43,0
DA:44,0
DA:45,0
DA:46,0
DA:47,0
DA:48,0
DA:49,0
DA:50,0
DA:51,0
DA:52,0
DA:53,0
LF:53
LH:0
BRDA:1,0,0,0
BRF:1
BRH:0
end_of_record
TN:
SF:src\js\engine\ways.ts
FN:39,calculateWaysWins
FN:140,calculateDirectionalWays
FN:204,getPayoutForSymbol
FN:239,calculatePositionMultiplier
FN:259,calculateMegaWays
FN:314,checkEvolutionChainWin
FN:343,checkFullScreenWin
FNF:7
FNH:4
FNDA:3,calculateWaysWins
FNDA:4,calculateDirectionalWays
FNDA:3,getPayoutForSymbol
FNDA:3,calculatePositionMultiplier
FNDA:0,calculateMegaWays
FNDA:0,checkEvolutionChainWin
FNDA:0,checkFullScreenWin
DA:27,1
DA:28,1
DA:29,1
DA:30,1
DA:31,1
DA:32,1
DA:33,1
DA:39,1
DA:40,3
DA:41,3
DA:42,3
DA:43,3
DA:44,3
DA:45,3
DA:46,3
DA:47,3
DA:48,3
DA:49,3
DA:52,3
DA:54,3
DA:55,7
DA:56,26
DA:57,26
DA:59,26
DA:60,26
DA:61,6
DA:62,6
DA:63,26
DA:64,26
DA:65,7
DA:68,3
DA:69,6
DA:71,4
DA:72,4
DA:74,6
DA:75,3
DA:76,3
DA:77,3
DA:78,3
DA:79,3
DA:80,3
DA:81,3
DA:83,3
DA:84,2
DA:85,2
DA:86,2
DA:88,2
DA:89,2
DA:90,2
DA:91,2
DA:92,2
DA:93,2
DA:94,2
DA:95,2
DA:96,2
DA:98,2
DA:99,2
DA:100,2
DA:101,3
DA:103,6
DA:104,1
DA:105,1
DA:106,1
DA:107,1
DA:108,1
DA:109,1
DA:110,1
DA:112,1
DA:113,1
DA:114,1
DA:115,1
DA:117,1
DA:118,1
DA:119,1
DA:120,1
DA:121,1
DA:122,1
DA:123,1
DA:124,1
DA:125,1
DA:127,1
DA:128,1
DA:129,1
DA:130,1
DA:131,6
DA:133,3
DA:134,3
DA:135,3
DA:136,3
DA:137,3
DA:138,3
DA:140,4
DA:141,4
DA:142,4
DA:143,4
DA:144,4
DA:145,4
DA:146,4
DA:148,4
DA:150,4
DA:151,23
DA:152,23
DA:153,23
DA:154,23
DA:156,4
DA:157,6
DA:158,4
DA:160,4
DA:161,1
DA:162,1
DA:165,3
DA:166,4
DA:167,4
DA:169,4
DA:170,11
DA:171,9
DA:172,11
DA:173,2
DA:174,2
DA:175,11
DA:177,4
DA:178,0
DA:179,0
DA:182,3
DA:183,3
DA:185,4
DA:186,9
DA:187,9
DA:188,9
DA:191,9
DA:192,1
DA:193,1
DA:194,1
DA:195,9
DA:197,3
DA:198,3
DA:199,3
DA:200,3
DA:201,3
DA:202,3
DA:204,3
DA:205,3
DA:206,3
DA:207,3
DA:208,3
DA:209,3
DA:210,3
DA:211,3
DA:214,3
DA:215,3
DA:216,3
DA:219,3
DA:220,0
DA:221,0
DA:224,0
DA:225,0
DA:226,0
DA:227,0
DA:228,0
DA:229,0
DA:230,0
DA:231,0
DA:233,0
DA:234,3
DA:236,3
DA:237,3
DA:239,3
DA:240,3
DA:241,3
DA:242,3
DA:243,3
DA:245,0
DA:246,0
DA:247,0
DA:248,0
DA:249,0
DA:250,0
DA:252,0
DA:253,0
DA:259,1
DA:260,0
DA:261,0
DA:262,0
DA:263,0
DA:271,0
DA:272,0
DA:273,0
DA:278,0
DA:281,0
DA:282,0
DA:283,0
DA:284,0
DA:285,0
DA:286,0
DA:287,0
DA:288,0
DA:289,0
DA:290,0
DA:291,0
DA:292,0
DA:295,0
DA:296,0
DA:297,0
DA:298,0
DA:299,0
DA:300,0
DA:301,0
DA:302,0
DA:303,0
DA:304,0
DA:305,0
DA:306,0
DA:308,0
DA:309,0
DA:310,0
DA:311,0
DA:312,0
DA:314,0
DA:315,0
DA:316,0
DA:318,0
DA:319,0
DA:320,0
DA:321,0
DA:322,0
DA:323,0
DA:324,0
DA:325,0
DA:326,0
DA:327,0
DA:330,0
DA:331,0
DA:332,0
DA:333,0
DA:334,0
DA:336,0
DA:337,0
DA:338,0
DA:340,0
DA:341,0
DA:343,0
DA:344,0
DA:345,0
DA:346,0
DA:348,0
DA:349,0
DA:350,0
DA:351,0
DA:352,0
DA:353,0
DA:354,0
DA:355,0
DA:356,0
DA:357,0
DA:358,0
DA:359,0
DA:360,0
DA:361,0
DA:363,0
DA:364,0
DA:365,0
DA:366,0
DA:367,0
LF:263
LH:159
BRDA:39,0,0,3
BRDA:54,1,0,7
BRDA:55,2,0,26
BRDA:57,3,0,0
BRDA:60,4,0,6
BRDA:68,5,0,6
BRDA:69,6,0,2
BRDA:69,7,0,4
BRDA:74,8,0,3
BRDA:83,9,0,2
BRDA:83,10,0,2
BRDA:101,11,0,4
BRDA:103,12,0,1
BRDA:140,13,0,4
BRDA:150,14,0,23
BRDA:152,15,0,10
BRDA:160,16,0,1
BRDA:162,17,0,3
BRDA:166,18,0,2
BRDA:166,19,0,1
BRDA:167,20,0,2
BRDA:167,21,0,1
BRDA:169,22,0,8
BRDA:169,23,0,11
BRDA:170,24,0,9
BRDA:172,25,0,2
BRDA:175,26,0,3
BRDA:177,27,0,0
BRDA:179,28,0,3
BRDA:185,29,0,9
BRDA:191,30,0,1
BRDA:195,31,0,3
BRDA:156,32,0,6
BRDA:157,33,0,4
BRDA:157,34,0,2
BRDA:204,35,0,3
BRDA:216,36,0,0
BRDA:219,37,0,0
BRDA:234,38,0,0
BRDA:239,39,0,3
BRDA:243,40,0,0
BRF:41
BRH:35
end_of_record
